C:\Users\ito.OHSHIMAT-PC\Desktop\SOM\DllSampleCpp\Release\cl.command.1.tlog
C:\Users\ito.OHSHIMAT-PC\Desktop\SOM\DllSampleCpp\Release\CL.read.1.tlog
C:\Users\ito.OHSHIMAT-PC\Desktop\SOM\DllSampleCpp\Release\CL.write.1.tlog
C:\USERS\ITO.OHSHIMAT-PC\DESKTOP\SOM\DLLSAMPLECPP\RELEASE\DLLSAMPLECPP.EXE.INTERMEDIATE.MANIFEST
C:\USERS\ITO.OHSHIMAT-PC\DESKTOP\SOM\DLLSAMPLECPP\RELEASE\DLLSAMPLECPP.OBJ
C:\USERS\ITO.OHSHIMAT-PC\DESKTOP\SOM\DLLSAMPLECPP\RELEASE\DLLSAMPLECPP.PCH
C:\USERS\ITO.OHSHIMAT-PC\DESKTOP\SOM\DLLSAMPLECPP\RELEASE\DLLSAMPLECPP.RES
C:\Users\ito.OHSHIMAT-PC\Desktop\SOM\DllSampleCpp\Release\DllSampleCpp.vcxprojResolveAssemblyReference.cache
C:\Users\ito.OHSHIMAT-PC\Desktop\SOM\DllSampleCpp\Release\DllSampleCpp.write.1.tlog
C:\USERS\ITO.OHSHIMAT-PC\DESKTOP\SOM\DLLSAMPLECPP\RELEASE\DLLSAMPLECPPDLG.OBJ
C:\Users\ito.OHSHIMAT-PC\Desktop\SOM\DllSampleCpp\Release\link.command.1.tlog
C:\Users\ito.OHSHIMAT-PC\Desktop\SOM\DllSampleCpp\Release\link.read.1.tlog
C:\Users\ito.OHSHIMAT-PC\Desktop\SOM\DllSampleCpp\Release\link.write.1.tlog
C:\Users\ito.OHSHIMAT-PC\Desktop\SOM\DllSampleCpp\Release\link-cvtres.read.1.tlog
C:\Users\ito.OHSHIMAT-PC\Desktop\SOM\DllSampleCpp\Release\link-cvtres.write.1.tlog
C:\USERS\ITO.OHSHIMAT-PC\DESKTOP\SOM\DLLSAMPLECPP\RELEASE\MFCCONSOLE.OBJ
C:\Users\ito.OHSHIMAT-PC\Desktop\SOM\DllSampleCpp\Release\mt.command.1.tlog
C:\Users\ito.OHSHIMAT-PC\Desktop\SOM\DllSampleCpp\Release\mt.read.1.tlog
C:\Users\ito.OHSHIMAT-PC\Desktop\SOM\DllSampleCpp\Release\mt.write.1.tlog
C:\Users\ito.OHSHIMAT-PC\Desktop\SOM\DllSampleCpp\Release\rc.command.1.tlog
C:\Users\ito.OHSHIMAT-PC\Desktop\SOM\DllSampleCpp\Release\rc.read.1.tlog
C:\Users\ito.OHSHIMAT-PC\Desktop\SOM\DllSampleCpp\Release\rc.write.1.tlog
C:\USERS\ITO.OHSHIMAT-PC\DESKTOP\SOM\DLLSAMPLECPP\RELEASE\SCENE.OBJ
C:\USERS\ITO.OHSHIMAT-PC\DESKTOP\SOM\DLLSAMPLECPP\RELEASE\STDAFX.OBJ
C:\USERS\ITO.OHSHIMAT-PC\DESKTOP\SOM\DLLSAMPLECPP\RELEASE\VC100.PDB
C:\USERS\ITO.OHSHIMAT-PC\DESKTOP\SOM\RELEASE\DLLSAMPLECPP.EXE
C:\USERS\ITO.OHSHIMAT-PC\DESKTOP\SOM\RELEASE\DLLSAMPLECPP.PDB
